Using pre-set license
Built from '2020.3/staging' branch; Version is '2020.3.17f1 (a4537701e4ab) revision 10769271'; Using compiler version '192528614'; Build Type 'Release'
OS: 'Windows 10 Pro; OS build 19043.1526; Version 2009; 64bit' Language: 'ko' Physical Memory: 26522 MB
BatchMode: 1, IsHumanControllingUs: 0, StartBugReporterOnCrash: 0, Is64bit: 1, IsPro: 0

COMMAND LINE ARGUMENTS:
E:\unity\Editor\2020.3.17f1\Editor\Unity.exe
-adb2
-batchMode
-noUpm
-name
AssetImportWorker0
-projectPath
E:/0.study/10.C#-채팅 Ch15
-logFile
Logs/AssetImportWorker0.log
-srvPort
55202
Successfully changed project path to: E:/0.study/10.C#-채팅 Ch15
E:/0.study/10.C#-채팅 Ch15
Using Asset Import Pipeline V2.
Refreshing native plugins compatible for Editor in 74.49 ms, found 2 plugins.
Preloading 0 native plugins for Editor in 0.00 ms.
Initialize engine version: 2020.3.17f1 (a4537701e4ab)
[Subsystems] Discovering subsystems at path E:/unity/Editor/2020.3.17f1/Editor/Data/Resources/UnitySubsystems
[Subsystems] Discovering subsystems at path E:/0.study/10.C#-채팅 Ch15/Assets
GfxDevice: creating device client; threaded=0
Direct3D:
    Version:  Direct3D 11.0 [level 11.1]
    Renderer: NVIDIA GeForce RTX 2070 SUPER (ID=0x1e84)
    Vendor:   
    VRAM:     8011 MB
    Driver:   27.21.14.5671
Initialize mono
Mono path[0] = 'E:/unity/Editor/2020.3.17f1/Editor/Data/Managed'
Mono path[1] = 'E:/unity/Editor/2020.3.17f1/Editor/Data/MonoBleedingEdge/lib/mono/unityjit'
Mono config path = 'E:/unity/Editor/2020.3.17f1/Editor/Data/MonoBleedingEdge/etc'
Using monoOptions --debugger-agent=transport=dt_socket,embedding=1,server=y,suspend=n,address=127.0.0.1:56812
Begin MonoManager ReloadAssembly
Registering precompiled unity dll's ...
Register platform support module: E:/unity/Editor/2020.3.17f1/Editor/Data/PlaybackEngines/WindowsStandaloneSupport/UnityEditor.WindowsStandalone.Extensions.dll
Registered in 0.001366 seconds.
Native extension for WindowsStandalone target not found
Refreshing native plugins compatible for Editor in 61.85 ms, found 2 plugins.
Preloading 0 native plugins for Editor in 0.00 ms.
Mono: successfully reloaded assembly
- Completed reload, in  4.169 seconds
Domain Reload Profiling:
	ReloadAssembly (4169ms)
		BeginReloadAssembly (81ms)
			ExecutionOrderSort (0ms)
			DisableScriptedObjects (0ms)
			BackupInstance (0ms)
			ReleaseScriptingObjects (0ms)
			CreateAndSetChildDomain (1ms)
		EndReloadAssembly (572ms)
			LoadAssemblies (80ms)
			RebuildTransferFunctionScriptingTraits (0ms)
			SetupTypeCache (185ms)
			ReleaseScriptCaches (0ms)
			RebuildScriptCaches (44ms)
			SetupLoadedEditorAssemblies (234ms)
				LogAssemblyErrors (0ms)
				InitializePlatformSupportModulesInManaged (8ms)
				SetLoadedEditorAssemblies (0ms)
				RefreshPlugins (62ms)
				BeforeProcessingInitializeOnLoad (22ms)
				ProcessInitializeOnLoadAttributes (104ms)
				ProcessInitializeOnLoadMethodAttributes (37ms)
				AfterProcessingInitializeOnLoad (0ms)
				EditorAssembliesLoaded (0ms)
			ExecutionOrderSort2 (0ms)
			AwakeInstancesAfterBackupRestoration (0ms)
Platform modules already initialized, skipping
Registering precompiled user dll's ...
Registered in 0.007101 seconds.
Begin MonoManager ReloadAssembly
Native extension for WindowsStandalone target not found
Refreshing native plugins compatible for Editor in 1.10 ms, found 2 plugins.
Preloading 0 native plugins for Editor in 0.00 ms.
Mono: successfully reloaded assembly
- Completed reload, in  1.127 seconds
Domain Reload Profiling:
	ReloadAssembly (1128ms)
		BeginReloadAssembly (189ms)
			ExecutionOrderSort (0ms)
			DisableScriptedObjects (6ms)
			BackupInstance (0ms)
			ReleaseScriptingObjects (0ms)
			CreateAndSetChildDomain (27ms)
		EndReloadAssembly (867ms)
			LoadAssemblies (113ms)
			RebuildTransferFunctionScriptingTraits (0ms)
			SetupTypeCache (291ms)
			ReleaseScriptCaches (1ms)
			RebuildScriptCaches (41ms)
			SetupLoadedEditorAssemblies (313ms)
				LogAssemblyErrors (0ms)
				InitializePlatformSupportModulesInManaged (8ms)
				SetLoadedEditorAssemblies (1ms)
				RefreshPlugins (1ms)
				BeforeProcessingInitializeOnLoad (177ms)
				ProcessInitializeOnLoadAttributes (116ms)
				ProcessInitializeOnLoadMethodAttributes (7ms)
				AfterProcessingInitializeOnLoad (3ms)
				EditorAssembliesLoaded (0ms)
			ExecutionOrderSort2 (0ms)
			AwakeInstancesAfterBackupRestoration (9ms)
Platform modules already initialized, skipping
========================================================================
Worker process is ready to serve import requests
Launched and connected shader compiler UnityShaderCompiler.exe after 0.16 seconds
Refreshing native plugins compatible for Editor in 0.99 ms, found 2 plugins.
Preloading 0 native plugins for Editor in 0.00 ms.
Unloading 2236 Unused Serialized files (Serialized files now loaded: 0)
System memory in use before: 91.4 MB.
System memory in use after: 91.5 MB.

Unloading 55 unused Assets to reduce memory usage. Loaded Objects now: 2631.
Total: 3.225700 ms (FindLiveObjects: 0.252100 ms CreateObjectMapping: 0.113500 ms MarkObjects: 2.754900 ms  DeleteObjects: 0.103000 ms)

AssetImportParameters requested are different than current active one (requested -> active):
  custom:framework-win-MediaFoundation: 216162199b28c13a410421893ffa2e32 -> 
  custom:video-decoder-ogg-theora: a1e56fd34408186e4bbccfd4996cb3dc -> 
  custom:container-muxer-webm: aa71ff27fc2769a1b78a27578f13a17b -> 
  custom:container-demuxer-webm: 4f35f7cbe854078d1ac9338744f61a02 -> 
  custom:container-demuxer-ogg: 62fdf1f143b41e24485cea50d1cbac27 -> 
  custom:video-encoder-webm-vp8: eb34c28f22e8b96e1ab97ce403110664 -> 
  custom:video-decoder-webm-vp8: 9c59270c3fd7afecdb556c50c9e8de78 -> 
  custom:audio-decoder-ogg-vorbis: bf7c407c2cedff20999df2af8eb42d56 -> 
  custom:audio-encoder-webm-vorbis: bf7c407c2cedff20999df2af8eb42d56 -> 
========================================================================
Received Import Request.
  path: Packages/com.unity.nuget.newtonsoft-json/Runtime/Portable/Newtonsoft.Json.dll
  artifactKey: Guid(e8a2e6265da3549468b4ccef3eb81e01) Importer(815301076,1909f56bfc062723c751e8b465ee728b)
Start importing Packages/com.unity.nuget.newtonsoft-json/Runtime/Portable/Newtonsoft.Json.dll using Guid(e8a2e6265da3549468b4ccef3eb81e01) Importer(815301076,1909f56bfc062723c751e8b465ee728b)  -> (artifact id: '9432c0fe1fd94058c7c865682d3f01cc') in 0.054123 seconds 
  Import took 0.058499 seconds .

========================================================================
Received Import Request.
  Time since last request: 0.000282 seconds.
  path: Packages/com.unity.nuget.newtonsoft-json/Runtime/Newtonsoft.Json.dll
  artifactKey: Guid(8c4bfcb5b17948478ccb955bccff9652) Importer(815301076,1909f56bfc062723c751e8b465ee728b)
Start importing Packages/com.unity.nuget.newtonsoft-json/Runtime/Newtonsoft.Json.dll using Guid(8c4bfcb5b17948478ccb955bccff9652) Importer(815301076,1909f56bfc062723c751e8b465ee728b)  -> (artifact id: '03180c44fcac579d6b278585e1d51d98') in 0.002561 seconds 
  Import took 0.007182 seconds .

========================================================================
Received Import Request.
  Time since last request: 0.000295 seconds.
  path: Assets/Photon Unity Networking/Editor/PhotonNetwork/Newtonsoft.Json.dll
  artifactKey: Guid(0268f98d7c649564a818b0768fc68d4b) Importer(815301076,1909f56bfc062723c751e8b465ee728b)
Start importing Assets/Photon Unity Networking/Editor/PhotonNetwork/Newtonsoft.Json.dll using Guid(0268f98d7c649564a818b0768fc68d4b) Importer(815301076,1909f56bfc062723c751e8b465ee728b)  -> (artifact id: '93e06459a0582e1989f8ea1f0290fda2') in 0.002986 seconds 
  Import took 0.007923 seconds .

========================================================================
Received Import Request.
  Time since last request: 0.000284 seconds.
  path: Packages/com.unity.nuget.newtonsoft-json/Runtime/AOT/Newtonsoft.Json.dll
  artifactKey: Guid(6c694cfdc33ae264fb33e0cd1c7e25cf) Importer(815301076,1909f56bfc062723c751e8b465ee728b)
Start importing Packages/com.unity.nuget.newtonsoft-json/Runtime/AOT/Newtonsoft.Json.dll using Guid(6c694cfdc33ae264fb33e0cd1c7e25cf) Importer(815301076,1909f56bfc062723c751e8b465ee728b)  -> (artifact id: '0cb22bd5a191d8247890174020203f7d') in 0.003524 seconds 
  Import took 0.007889 seconds .

========================================================================
Received Prepare
Registering precompiled user dll's ...
Registered in 0.007187 seconds.
Begin MonoManager ReloadAssembly
Native extension for WindowsStandalone target not found
Refreshing native plugins compatible for Editor in 1.01 ms, found 2 plugins.
Preloading 0 native plugins for Editor in 0.00 ms.
Mono: successfully reloaded assembly
- Completed reload, in  1.635 seconds
Domain Reload Profiling:
	ReloadAssembly (1636ms)
		BeginReloadAssembly (154ms)
			ExecutionOrderSort (0ms)
			DisableScriptedObjects (6ms)
			BackupInstance (0ms)
			ReleaseScriptingObjects (0ms)
			CreateAndSetChildDomain (37ms)
		EndReloadAssembly (1386ms)
			LoadAssemblies (130ms)
			RebuildTransferFunctionScriptingTraits (0ms)
			SetupTypeCache (367ms)
			ReleaseScriptCaches (1ms)
			RebuildScriptCaches (74ms)
			SetupLoadedEditorAssemblies (698ms)
				LogAssemblyErrors (0ms)
				InitializePlatformSupportModulesInManaged (7ms)
				SetLoadedEditorAssemblies (1ms)
				RefreshPlugins (1ms)
				BeforeProcessingInitializeOnLoad (175ms)
				ProcessInitializeOnLoadAttributes (449ms)
				ProcessInitializeOnLoadMethodAttributes (61ms)
				AfterProcessingInitializeOnLoad (3ms)
				EditorAssembliesLoaded (0ms)
			ExecutionOrderSort2 (0ms)
			AwakeInstancesAfterBackupRestoration (10ms)
Platform modules already initialized, skipping
Refreshing native plugins compatible for Editor in 1.02 ms, found 2 plugins.
Preloading 0 native plugins for Editor in 0.00 ms.
Unloading 2222 Unused Serialized files (Serialized files now loaded: 0)
System memory in use before: 91.4 MB.
System memory in use after: 91.5 MB.

Unloading 62 unused Assets to reduce memory usage. Loaded Objects now: 2643.
Total: 7.310700 ms (FindLiveObjects: 0.329500 ms CreateObjectMapping: 0.206000 ms MarkObjects: 6.710800 ms  DeleteObjects: 0.062900 ms)

AssetImportParameters requested are different than current active one (requested -> active):
  custom:framework-win-MediaFoundation: 216162199b28c13a410421893ffa2e32 -> 
  custom:video-decoder-ogg-theora: a1e56fd34408186e4bbccfd4996cb3dc -> 
  custom:container-muxer-webm: aa71ff27fc2769a1b78a27578f13a17b -> 
  custom:container-demuxer-webm: 4f35f7cbe854078d1ac9338744f61a02 -> 
  custom:container-demuxer-ogg: 62fdf1f143b41e24485cea50d1cbac27 -> 
  custom:video-encoder-webm-vp8: eb34c28f22e8b96e1ab97ce403110664 -> 
  custom:video-decoder-webm-vp8: 9c59270c3fd7afecdb556c50c9e8de78 -> 
  custom:audio-decoder-ogg-vorbis: bf7c407c2cedff20999df2af8eb42d56 -> 
  custom:audio-encoder-webm-vorbis: bf7c407c2cedff20999df2af8eb42d56 -> 
========================================================================
Received Import Request.
  Time since last request: 5598.777073 seconds.
  path: Assets/Plugins/netstandard2.0/Photon3Unity3D.dll
  artifactKey: Guid(6a558ae793155af4b9b9ab945fc64a0f) Importer(815301076,1909f56bfc062723c751e8b465ee728b)
Start importing Assets/Plugins/netstandard2.0/Photon3Unity3D.dll using Guid(6a558ae793155af4b9b9ab945fc64a0f) Importer(815301076,1909f56bfc062723c751e8b465ee728b)  -> (artifact id: '7d514c2d91d049337b590ba059b25cb7') in 0.015486 seconds 
  Import took 0.020496 seconds .

========================================================================
Received Import Request.
  Time since last request: 0.048953 seconds.
  path: Assets/Plugins/netstandard2.0/Photon3Unity3D.dll
  artifactKey: Guid(6a558ae793155af4b9b9ab945fc64a0f) Importer(815301076,1909f56bfc062723c751e8b465ee728b)
Start importing Assets/Plugins/netstandard2.0/Photon3Unity3D.dll using Guid(6a558ae793155af4b9b9ab945fc64a0f) Importer(815301076,1909f56bfc062723c751e8b465ee728b)  -> (artifact id: '7d514c2d91d049337b590ba059b25cb7') in 0.006058 seconds 
  Import took 0.011105 seconds .

========================================================================
Received Import Request.
  Time since last request: 1.518371 seconds.
  path: Assets/Plugins/Metro/Photon3Unity3D.dll
  artifactKey: Guid(3b5a0a7dce46a13459199d174ad3db3f) Importer(815301076,1909f56bfc062723c751e8b465ee728b)
Start importing Assets/Plugins/Metro/Photon3Unity3D.dll using Guid(3b5a0a7dce46a13459199d174ad3db3f) Importer(815301076,1909f56bfc062723c751e8b465ee728b)  -> (artifact id: 'e9b164e9c7d4da30eed5a0d4dd1267fe') in 0.005233 seconds 
  Import took 0.010908 seconds .

========================================================================
Received Import Request.
  Time since last request: 1.403949 seconds.
  path: Assets/Plugins/Photon3Unity3D.dll
  artifactKey: Guid(aadb37a20a33632429047acaef43658a) Importer(815301076,1909f56bfc062723c751e8b465ee728b)
Start importing Assets/Plugins/Photon3Unity3D.dll using Guid(aadb37a20a33632429047acaef43658a) Importer(815301076,1909f56bfc062723c751e8b465ee728b)  -> (artifact id: '9da5921ebebba7a5d5e0c69bc434d0bb') in 0.005326 seconds 
  Import took 0.009974 seconds .

========================================================================
Received Import Request.
  Time since last request: 5.101172 seconds.
  path: Assets/Photon Unity Networking
  artifactKey: Guid(6481a15b59ade01409cb189a64b17a2a) Importer(815301076,1909f56bfc062723c751e8b465ee728b)
Start importing Assets/Photon Unity Networking using Guid(6481a15b59ade01409cb189a64b17a2a) Importer(815301076,1909f56bfc062723c751e8b465ee728b)  -> (artifact id: '34d73a9cc28db5301560b57fb0173772') in 0.013225 seconds 
  Import took 0.017820 seconds .

========================================================================
Received Import Request.
  Time since last request: 0.780225 seconds.
  path: Assets/03. Scripts/Photon
  artifactKey: Guid(6d43c1b0d59610d4083c6396f92e807c) Importer(815301076,1909f56bfc062723c751e8b465ee728b)
Start importing Assets/03. Scripts/Photon using Guid(6d43c1b0d59610d4083c6396f92e807c) Importer(815301076,1909f56bfc062723c751e8b465ee728b)  -> (artifact id: '53d71ad753c507adc6840c2afeaa6f89') in 0.016925 seconds 
  Import took 0.022204 seconds .

========================================================================
Received Import Request.
  Time since last request: 2.523945 seconds.
  path: Assets/PhotonChatApi
  artifactKey: Guid(49f333917985f8242b3b3370baf79d49) Importer(815301076,1909f56bfc062723c751e8b465ee728b)
Start importing Assets/PhotonChatApi using Guid(49f333917985f8242b3b3370baf79d49) Importer(815301076,1909f56bfc062723c751e8b465ee728b)  -> (artifact id: '8ee803aab23839fc76bda53bf90101c1') in 0.011912 seconds 
  Import took 0.017575 seconds .

========================================================================
Received Import Request.
  Time since last request: 2.046273 seconds.
  path: Assets/Photon Unity Networking/Editor/PhotonNetwork
  artifactKey: Guid(0efaae12aa00a63499bb2f2a7e677056) Importer(815301076,1909f56bfc062723c751e8b465ee728b)
Start importing Assets/Photon Unity Networking/Editor/PhotonNetwork using Guid(0efaae12aa00a63499bb2f2a7e677056) Importer(815301076,1909f56bfc062723c751e8b465ee728b)  -> (artifact id: '8ce4eccd71a91e0c8b74f7db6b10410e') in 0.011411 seconds 
  Import took 0.016139 seconds .

========================================================================
Received Import Request.
  Time since last request: 0.000929 seconds.
  path: Assets/Photon Unity Networking/Editor/PhotonNetwork
  artifactKey: Guid(0efaae12aa00a63499bb2f2a7e677056) Importer(815301076,1909f56bfc062723c751e8b465ee728b)
Start importing Assets/Photon Unity Networking/Editor/PhotonNetwork using Guid(0efaae12aa00a63499bb2f2a7e677056) Importer(815301076,1909f56bfc062723c751e8b465ee728b)  -> (artifact id: '8ce4eccd71a91e0c8b74f7db6b10410e') in 0.009760 seconds 
  Import took 0.014662 seconds .

========================================================================
Received Import Request.
  Time since last request: 0.543744 seconds.
  path: Assets/Photon Unity Networking/Plugins/PhotonNetwork
  artifactKey: Guid(a7780a429915e9049869cb279ade74d6) Importer(815301076,1909f56bfc062723c751e8b465ee728b)
Start importing Assets/Photon Unity Networking/Plugins/PhotonNetwork using Guid(a7780a429915e9049869cb279ade74d6) Importer(815301076,1909f56bfc062723c751e8b465ee728b)  -> (artifact id: 'dd652ea45c29340730d80e1c4c2a2417') in 0.010659 seconds 
  Import took 0.015626 seconds .

========================================================================
Received Import Request.
  Time since last request: 0.001098 seconds.
  path: Assets/Photon Unity Networking/Plugins/PhotonNetwork
  artifactKey: Guid(a7780a429915e9049869cb279ade74d6) Importer(815301076,1909f56bfc062723c751e8b465ee728b)
Start importing Assets/Photon Unity Networking/Plugins/PhotonNetwork using Guid(a7780a429915e9049869cb279ade74d6) Importer(815301076,1909f56bfc062723c751e8b465ee728b)  -> (artifact id: 'dd652ea45c29340730d80e1c4c2a2417') in 0.005859 seconds 
  Import took 0.010720 seconds .

========================================================================
Received Import Request.
  Time since last request: 1.764710 seconds.
  path: Assets/Photon Unity Networking/UtilityScripts/PhotonPlayer
  artifactKey: Guid(6786b8fc22152f147a00888eae3a7a9d) Importer(815301076,1909f56bfc062723c751e8b465ee728b)
Start importing Assets/Photon Unity Networking/UtilityScripts/PhotonPlayer using Guid(6786b8fc22152f147a00888eae3a7a9d) Importer(815301076,1909f56bfc062723c751e8b465ee728b)  -> (artifact id: 'e303819bc6eb570e7662081b260f1abb') in 0.017287 seconds 
  Import took 0.022046 seconds .

========================================================================
Received Prepare
Registering precompiled user dll's ...
Registered in 0.022645 seconds.
Begin MonoManager ReloadAssembly
Native extension for WindowsStandalone target not found
Refreshing native plugins compatible for Editor in 1.04 ms, found 2 plugins.
Preloading 0 native plugins for Editor in 0.00 ms.
Mono: successfully reloaded assembly
- Completed reload, in  2.040 seconds
Domain Reload Profiling:
	ReloadAssembly (2041ms)
		BeginReloadAssembly (202ms)
			ExecutionOrderSort (0ms)
			DisableScriptedObjects (9ms)
			BackupInstance (0ms)
			ReleaseScriptingObjects (0ms)
			CreateAndSetChildDomain (58ms)
		EndReloadAssembly (1744ms)
			LoadAssemblies (204ms)
			RebuildTransferFunctionScriptingTraits (0ms)
			SetupTypeCache (472ms)
			ReleaseScriptCaches (2ms)
			RebuildScriptCaches (91ms)
			SetupLoadedEditorAssemblies (817ms)
				LogAssemblyErrors (0ms)
				InitializePlatformSupportModulesInManaged (8ms)
				SetLoadedEditorAssemblies (1ms)
				RefreshPlugins (1ms)
				BeforeProcessingInitializeOnLoad (214ms)
				ProcessInitializeOnLoadAttributes (537ms)
				ProcessInitializeOnLoadMethodAttributes (51ms)
				AfterProcessingInitializeOnLoad (5ms)
				EditorAssembliesLoaded (0ms)
			ExecutionOrderSort2 (0ms)
			AwakeInstancesAfterBackupRestoration (10ms)
Platform modules already initialized, skipping
Refreshing native plugins compatible for Editor in 1.31 ms, found 2 plugins.
Preloading 0 native plugins for Editor in 0.00 ms.
Unloading 2222 Unused Serialized files (Serialized files now loaded: 0)
System memory in use before: 91.6 MB.
System memory in use after: 91.8 MB.

Unloading 55 unused Assets to reduce memory usage. Loaded Objects now: 2645.
Total: 8.202900 ms (FindLiveObjects: 0.344100 ms CreateObjectMapping: 0.222200 ms MarkObjects: 7.586100 ms  DeleteObjects: 0.048500 ms)

AssetImportParameters requested are different than current active one (requested -> active):
  custom:framework-win-MediaFoundation: 216162199b28c13a410421893ffa2e32 -> 
  custom:video-decoder-ogg-theora: a1e56fd34408186e4bbccfd4996cb3dc -> 
  custom:container-muxer-webm: aa71ff27fc2769a1b78a27578f13a17b -> 
  custom:container-demuxer-webm: 4f35f7cbe854078d1ac9338744f61a02 -> 
  custom:container-demuxer-ogg: 62fdf1f143b41e24485cea50d1cbac27 -> 
  custom:video-encoder-webm-vp8: eb34c28f22e8b96e1ab97ce403110664 -> 
  custom:video-decoder-webm-vp8: 9c59270c3fd7afecdb556c50c9e8de78 -> 
  custom:audio-decoder-ogg-vorbis: bf7c407c2cedff20999df2af8eb42d56 -> 
  custom:audio-encoder-webm-vorbis: bf7c407c2cedff20999df2af8eb42d56 -> 
AssetImportWorkerClient::OnTransportError - code=2 error=End of file
